[1127/210141.913:ERROR:gl_surface_egl.cc(774)] EGL Driver message (Critical) eglInitialize: No available renderers.
[1127/210141.913:ERROR:gl_surface_egl.cc(1329)] eglInitialize D3D11 failed with error EGL_NOT_INITIALIZED, trying next display type
[1127/210143.057:ERROR:gl_surface_egl.cc(774)] EGL Driver message (Critical) eglInitialize: No available renderers.
[1127/210143.057:ERROR:gl_surface_egl.cc(1329)] eglInitialize D3D9 failed with error EGL_NOT_INITIALIZED
[1127/210143.057:ERROR:gl_initializer_win.cc(143)] GLSurfaceEGL::InitializeOneOff failed.
[1127/210143.193:ERROR:viz_main_impl.cc(150)] Exiting GPU process due to errors during initialization
[1127/210145.851:ERROR:ssl_client_socket_impl.cc(924)] handshake failed; returned -1, SSL error code 1, net_error -202
[1127/210146.407:ERROR:ssl_client_socket_impl.cc(924)] handshake failed; returned -1, SSL error code 1, net_error -202
[1127/210146.409:ERROR:ssl_client_socket_impl.cc(924)] handshake failed; returned -1, SSL error code 1, net_error -202
[1127/210146.427:ERROR:ssl_client_socket_impl.cc(924)] handshake failed; returned -1, SSL error code 1, net_error -202
[1127/210146.443:ERROR:ssl_client_socket_impl.cc(924)] handshake failed; returned -1, SSL error code 1, net_error -202
[1127/210146.468:ERROR:ssl_client_socket_impl.cc(924)] handshake failed; returned -1, SSL error code 1, net_error -202
[1127/210146.494:ERROR:ssl_client_socket_impl.cc(924)] handshake failed; returned -1, SSL error code 1, net_error -202
[1127/210146.503:ERROR:ssl_client_socket_impl.cc(924)] handshake failed; returned -1, SSL error code 1, net_error -202
[1127/210146.512:ERROR:ssl_client_socket_impl.cc(924)] handshake failed; returned -1, SSL error code 1, net_error -202
[1127/210146.526:ERROR:ssl_client_socket_impl.cc(924)] handshake failed; returned -1, SSL error code 1, net_error -202
[1127/210146.527:ERROR:ssl_client_socket_impl.cc(924)] handshake failed; returned -1, SSL error code 1, net_error -202
[1127/210146.540:ERROR:ssl_client_socket_impl.cc(924)] handshake failed; returned -1, SSL error code 1, net_error -202
[1127/210146.552:ERROR:ssl_client_socket_impl.cc(924)] handshake failed; returned -1, SSL error code 1, net_error -202
[1127/210146.554:ERROR:ssl_client_socket_impl.cc(924)] handshake failed; returned -1, SSL error code 1, net_error -202
[1127/210147.502:ERROR:ssl_client_socket_impl.cc(924)] handshake failed; returned -1, SSL error code 1, net_error -202
[1127/210154.753:ERROR:ssl_client_socket_impl.cc(924)] handshake failed; returned -1, SSL error code 1, net_error -202
[1127/210154.770:ERROR:ssl_client_socket_impl.cc(924)] handshake failed; returned -1, SSL error code 1, net_error -202
[1127/210154.785:ERROR:ssl_client_socket_impl.cc(924)] handshake failed; returned -1, SSL error code 1, net_error -202
[1127/210154.797:ERROR:ssl_client_socket_impl.cc(924)] handshake failed; returned -1, SSL error code 1, net_error -202
[1127/210154.816:ERROR:ssl_client_socket_impl.cc(924)] handshake failed; returned -1, SSL error code 1, net_error -202
[1127/210154.829:ERROR:ssl_client_socket_impl.cc(924)] handshake failed; returned -1, SSL error code 1, net_error -202
[1127/210154.847:ERROR:ssl_client_socket_impl.cc(924)] handshake failed; returned -1, SSL error code 1, net_error -202
[1127/210154.862:ERROR:ssl_client_socket_impl.cc(924)] handshake failed; returned -1, SSL error code 1, net_error -202
[1127/210154.883:ERROR:ssl_client_socket_impl.cc(924)] handshake failed; returned -1, SSL error code 1, net_error -202
[1127/210154.894:ERROR:ssl_client_socket_impl.cc(924)] handshake failed; returned -1, SSL error code 1, net_error -202
[1127/210222.783:ERROR:ssl_client_socket_impl.cc(924)] handshake failed; returned -1, SSL error code 1, net_error -202
[1127/210222.784:ERROR:ssl_client_socket_impl.cc(924)] handshake failed; returned -1, SSL error code 1, net_error -202
[1127/210222.805:ERROR:ssl_client_socket_impl.cc(924)] handshake failed; returned -1, SSL error code 1, net_error -202
[1127/210222.818:ERROR:ssl_client_socket_impl.cc(924)] handshake failed; returned -1, SSL error code 1, net_error -202
[1127/210238.673:ERROR:ssl_client_socket_impl.cc(924)] handshake failed; returned -1, SSL error code 1, net_error -202
[1127/210240.063:ERROR:ssl_client_socket_impl.cc(924)] handshake failed; returned -1, SSL error code 1, net_error -202
[1127/210240.110:ERROR:ssl_client_socket_impl.cc(924)] handshake failed; returned -1, SSL error code 1, net_error -202
[1127/210240.291:ERROR:ssl_client_socket_impl.cc(924)] handshake failed; returned -1, SSL error code 1, net_error -202
[1127/210240.292:ERROR:ssl_client_socket_impl.cc(924)] handshake failed; returned -1, SSL error code 1, net_error -202
[1127/210240.310:ERROR:ssl_client_socket_impl.cc(924)] handshake failed; returned -1, SSL error code 1, net_error -202
[1127/210240.328:ERROR:ssl_client_socket_impl.cc(924)] handshake failed; returned -1, SSL error code 1, net_error -202
[1127/210240.349:ERROR:ssl_client_socket_impl.cc(924)] handshake failed; returned -1, SSL error code 1, net_error -202
[1127/210240.369:ERROR:ssl_client_socket_impl.cc(924)] handshake failed; returned -1, SSL error code 1, net_error -202
[1127/210340.062:ERROR:ssl_client_socket_impl.cc(924)] handshake failed; returned -1, SSL error code 1, net_error -202
[1127/210340.326:ERROR:ssl_client_socket_impl.cc(924)] handshake failed; returned -1, SSL error code 1, net_error -202
[1127/210340.348:ERROR:ssl_client_socket_impl.cc(924)] handshake failed; returned -1, SSL error code 1, net_error -202
[1127/210340.362:ERROR:ssl_client_socket_impl.cc(924)] handshake failed; returned -1, SSL error code 1, net_error -202
[1127/210340.376:ERROR:ssl_client_socket_impl.cc(924)] handshake failed; returned -1, SSL error code 1, net_error -202
[1127/210340.387:ERROR:ssl_client_socket_impl.cc(924)] handshake failed; returned -1, SSL error code 1, net_error -202
[1127/210340.406:ERROR:ssl_client_socket_impl.cc(924)] handshake failed; returned -1, SSL error code 1, net_error -202
[1127/210340.424:ERROR:ssl_client_socket_impl.cc(924)] handshake failed; returned -1, SSL error code 1, net_error -202
[1127/210340.434:ERROR:ssl_client_socket_impl.cc(924)] handshake failed; returned -1, SSL error code 1, net_error -202
[1127/210340.446:ERROR:ssl_client_socket_impl.cc(924)] handshake failed; returned -1, SSL error code 1, net_error -202
[1127/210340.459:ERROR:ssl_client_socket_impl.cc(924)] handshake failed; returned -1, SSL error code 1, net_error -202
[1127/210340.476:ERROR:ssl_client_socket_impl.cc(924)] handshake failed; returned -1, SSL error code 1, net_error -202
[1127/210340.498:ERROR:ssl_client_socket_impl.cc(924)] handshake failed; returned -1, SSL error code 1, net_error -202
[1127/210340.516:ERROR:ssl_client_socket_impl.cc(924)] handshake failed; returned -1, SSL error code 1, net_error -202
[1127/210340.534:ERROR:ssl_client_socket_impl.cc(924)] handshake failed; returned -1, SSL error code 1, net_error -202
[1127/210340.549:ERROR:ssl_client_socket_impl.cc(924)] handshake failed; returned -1, SSL error code 1, net_error -202
[1127/210340.566:ERROR:ssl_client_socket_impl.cc(924)] handshake failed; returned -1, SSL error code 1, net_error -202
[1127/210341.402:ERROR:ssl_client_socket_impl.cc(924)] handshake failed; returned -1, SSL error code 1, net_error -202
[1127/210354.033:ERROR:ssl_client_socket_impl.cc(924)] handshake failed; returned -1, SSL error code 1, net_error -202
[1127/210354.050:ERROR:ssl_client_socket_impl.cc(924)] handshake failed; returned -1, SSL error code 1, net_error -202
[1127/210354.110:ERROR:ssl_client_socket_impl.cc(924)] handshake failed; returned -1, SSL error code 1, net_error -202
[1127/210354.127:ERROR:ssl_client_socket_impl.cc(924)] handshake failed; returned -1, SSL error code 1, net_error -202
[1127/210408.489:ERROR:ssl_client_socket_impl.cc(924)] handshake failed; returned -1, SSL error code 1, net_error -202
[1127/210408.491:ERROR:ssl_client_socket_impl.cc(924)] handshake failed; returned -1, SSL error code 1, net_error -202
[1127/210409.918:ERROR:ssl_client_socket_impl.cc(924)] handshake failed; returned -1, SSL error code 1, net_error -202
[1127/210410.450:ERROR:ssl_client_socket_impl.cc(924)] handshake failed; returned -1, SSL error code 1, net_error -202
[1127/210411.116:ERROR:ssl_client_socket_impl.cc(924)] handshake failed; returned -1, SSL error code 1, net_error -202
[1127/210411.139:ERROR:ssl_client_socket_impl.cc(924)] handshake failed; returned -1, SSL error code 1, net_error -202
[1127/210411.302:ERROR:ssl_client_socket_impl.cc(924)] handshake failed; returned -1, SSL error code 1, net_error -202
[1127/210411.316:ERROR:ssl_client_socket_impl.cc(924)] handshake failed; returned -1, SSL error code 1, net_error -202
[1127/210411.328:ERROR:ssl_client_socket_impl.cc(924)] handshake failed; returned -1, SSL error code 1, net_error -202
[1127/210411.344:ERROR:ssl_client_socket_impl.cc(924)] handshake failed; returned -1, SSL error code 1, net_error -202
[1127/210411.364:ERROR:ssl_client_socket_impl.cc(924)] handshake failed; returned -1, SSL error code 1, net_error -202
[1127/210411.378:ERROR:ssl_client_socket_impl.cc(924)] handshake failed; returned -1, SSL error code 1, net_error -202
[1127/210411.389:ERROR:ssl_client_socket_impl.cc(924)] handshake failed; returned -1, SSL error code 1, net_error -202
[1127/210411.404:ERROR:ssl_client_socket_impl.cc(924)] handshake failed; returned -1, SSL error code 1, net_error -202
[1127/210411.444:ERROR:ssl_client_socket_impl.cc(924)] handshake failed; returned -1, SSL error code 1, net_error -202
[1127/210420.116:ERROR:ssl_client_socket_impl.cc(924)] handshake failed; returned -1, SSL error code 1, net_error -202
[1127/210420.139:ERROR:ssl_client_socket_impl.cc(924)] handshake failed; returned -1, SSL error code 1, net_error -202
[1127/210421.690:ERROR:ssl_client_socket_impl.cc(924)] handshake failed; returned -1, SSL error code 1, net_error -202
[1127/210721.170:ERROR:ssl_client_socket_impl.cc(924)] handshake failed; returned -1, SSL error code 1, net_error -202
[1127/210721.354:ERROR:ssl_client_socket_impl.cc(924)] handshake failed; returned -1, SSL error code 1, net_error -202
[1127/210721.357:ERROR:ssl_client_socket_impl.cc(924)] handshake failed; returned -1, SSL error code 1, net_error -202
[1127/210721.415:ERROR:ssl_client_socket_impl.cc(924)] handshake failed; returned -1, SSL error code 1, net_error -202
[1127/210721.426:ERROR:ssl_client_socket_impl.cc(924)] handshake failed; returned -1, SSL error code 1, net_error -202
[1127/210721.438:ERROR:ssl_client_socket_impl.cc(924)] handshake failed; returned -1, SSL error code 1, net_error -202
[1127/210721.463:ERROR:ssl_client_socket_impl.cc(924)] handshake failed; returned -1, SSL error code 1, net_error -202
[1127/210721.477:ERROR:ssl_client_socket_impl.cc(924)] handshake failed; returned -1, SSL error code 1, net_error -202
[1127/210721.488:ERROR:ssl_client_socket_impl.cc(924)] handshake failed; returned -1, SSL error code 1, net_error -202
[1127/210721.498:ERROR:ssl_client_socket_impl.cc(924)] handshake failed; returned -1, SSL error code 1, net_error -202
[1127/210721.499:ERROR:ssl_client_socket_impl.cc(924)] handshake failed; returned -1, SSL error code 1, net_error -202
[1127/210721.511:ERROR:ssl_client_socket_impl.cc(924)] handshake failed; returned -1, SSL error code 1, net_error -202
[1127/210722.209:ERROR:ssl_client_socket_impl.cc(924)] handshake failed; returned -1, SSL error code 1, net_error -202
[1127/210737.455:ERROR:ssl_client_socket_impl.cc(924)] handshake failed; returned -1, SSL error code 1, net_error -202
[1127/210737.593:ERROR:ssl_client_socket_impl.cc(924)] handshake failed; returned -1, SSL error code 1, net_error -202
[1127/210737.596:ERROR:ssl_client_socket_impl.cc(924)] handshake failed; returned -1, SSL error code 1, net_error -202
[1127/210737.661:ERROR:ssl_client_socket_impl.cc(924)] handshake failed; returned -1, SSL error code 1, net_error -202
[1127/210737.672:ERROR:ssl_client_socket_impl.cc(924)] handshake failed; returned -1, SSL error code 1, net_error -202
[1127/210745.198:ERROR:ssl_client_socket_impl.cc(924)] handshake failed; returned -1, SSL error code 1, net_error -202
[1127/210746.402:ERROR:ssl_client_socket_impl.cc(924)] handshake failed; returned -1, SSL error code 1, net_error -202
[1127/210746.638:ERROR:ssl_client_socket_impl.cc(924)] handshake failed; returned -1, SSL error code 1, net_error -202
[1127/210746.656:ERROR:ssl_client_socket_impl.cc(924)] handshake failed; returned -1, SSL error code 1, net_error -202
[1127/210746.672:ERROR:ssl_client_socket_impl.cc(924)] handshake failed; returned -1, SSL error code 1, net_error -202
[1127/210746.700:ERROR:ssl_client_socket_impl.cc(924)] handshake failed; returned -1, SSL error code 1, net_error -202
[1127/210746.735:ERROR:ssl_client_socket_impl.cc(924)] handshake failed; returned -1, SSL error code 1, net_error -202
[1127/210746.753:ERROR:ssl_client_socket_impl.cc(924)] handshake failed; returned -1, SSL error code 1, net_error -202
[1127/210746.772:ERROR:ssl_client_socket_impl.cc(924)] handshake failed; returned -1, SSL error code 1, net_error -202
[1127/210746.788:ERROR:ssl_client_socket_impl.cc(924)] handshake failed; returned -1, SSL error code 1, net_error -202
[1127/210746.820:ERROR:ssl_client_socket_impl.cc(924)] handshake failed; returned -1, SSL error code 1, net_error -202
[1127/210747.339:INFO:CONSOLE(74)] "[object Object]", source: https://127.0.0.1:32461/htmlutil/htmlutil-617803.js (74)
[1127/210753.515:ERROR:ssl_client_socket_impl.cc(924)] handshake failed; returned -1, SSL error code 1, net_error -202
[1127/210753.794:ERROR:ssl_client_socket_impl.cc(924)] handshake failed; returned -1, SSL error code 1, net_error -202
[1127/210753.811:ERROR:ssl_client_socket_impl.cc(924)] handshake failed; returned -1, SSL error code 1, net_error -202
[1127/210753.824:ERROR:ssl_client_socket_impl.cc(924)] handshake failed; returned -1, SSL error code 1, net_error -202
[1127/210753.842:ERROR:ssl_client_socket_impl.cc(924)] handshake failed; returned -1, SSL error code 1, net_error -202
[1127/210753.857:ERROR:ssl_client_socket_impl.cc(924)] handshake failed; returned -1, SSL error code 1, net_error -202
[1127/210753.875:ERROR:ssl_client_socket_impl.cc(924)] handshake failed; returned -1, SSL error code 1, net_error -202
[1127/210753.886:ERROR:ssl_client_socket_impl.cc(924)] handshake failed; returned -1, SSL error code 1, net_error -202
[1127/210753.900:ERROR:ssl_client_socket_impl.cc(924)] handshake failed; returned -1, SSL error code 1, net_error -202
[1127/210753.914:ERROR:ssl_client_socket_impl.cc(924)] handshake failed; returned -1, SSL error code 1, net_error -202
[1127/210753.932:ERROR:ssl_client_socket_impl.cc(924)] handshake failed; returned -1, SSL error code 1, net_error -202
[1127/210753.958:ERROR:ssl_client_socket_impl.cc(924)] handshake failed; returned -1, SSL error code 1, net_error -202
[1127/210753.969:ERROR:ssl_client_socket_impl.cc(924)] handshake failed; returned -1, SSL error code 1, net_error -202
[1127/210753.979:ERROR:ssl_client_socket_impl.cc(924)] handshake failed; returned -1, SSL error code 1, net_error -202
[1127/210753.994:ERROR:ssl_client_socket_impl.cc(924)] handshake failed; returned -1, SSL error code 1, net_error -202
[1127/210754.007:ERROR:ssl_client_socket_impl.cc(924)] handshake failed; returned -1, SSL error code 1, net_error -202
[1127/210754.769:ERROR:ssl_client_socket_impl.cc(924)] handshake failed; returned -1, SSL error code 1, net_error -202
[1127/210815.641:ERROR:ssl_client_socket_impl.cc(924)] handshake failed; returned -1, SSL error code 1, net_error -202
[1127/210827.273:ERROR:ssl_client_socket_impl.cc(924)] handshake failed; returned -1, SSL error code 1, net_error -202
[1127/210912.982:ERROR:ssl_client_socket_impl.cc(924)] handshake failed; returned -1, SSL error code 1, net_error -202
[1127/210913.117:ERROR:ssl_client_socket_impl.cc(924)] handshake failed; returned -1, SSL error code 1, net_error -202
[1127/210913.123:ERROR:ssl_client_socket_impl.cc(924)] handshake failed; returned -1, SSL error code 1, net_error -202
[1127/210913.699:ERROR:ssl_client_socket_impl.cc(924)] handshake failed; returned -1, SSL error code 1, net_error -202
[1127/210913.705:ERROR:ssl_client_socket_impl.cc(924)] handshake failed; returned -1, SSL error code 1, net_error -202
[1127/210913.734:ERROR:ssl_client_socket_impl.cc(924)] handshake failed; returned -1, SSL error code 1, net_error -202
[1127/210913.754:ERROR:ssl_client_socket_impl.cc(924)] handshake failed; returned -1, SSL error code 1, net_error -202
[1127/210940.467:ERROR:ssl_client_socket_impl.cc(924)] handshake failed; returned -1, SSL error code 1, net_error -202
[1127/210940.482:ERROR:ssl_client_socket_impl.cc(924)] handshake failed; returned -1, SSL error code 1, net_error -202
[1127/210940.556:ERROR:ssl_client_socket_impl.cc(924)] handshake failed; returned -1, SSL error code 1, net_error -202
[1127/210940.625:ERROR:ssl_client_socket_impl.cc(924)] handshake failed; returned -1, SSL error code 1, net_error -202
[1127/210940.627:ERROR:ssl_client_socket_impl.cc(924)] handshake failed; returned -1, SSL error code 1, net_error -202
[1127/210940.645:ERROR:ssl_client_socket_impl.cc(924)] handshake failed; returned -1, SSL error code 1, net_error -202
[1127/210941.669:ERROR:ssl_client_socket_impl.cc(924)] handshake failed; returned -1, SSL error code 1, net_error -202
[1127/210941.897:ERROR:ssl_client_socket_impl.cc(924)] handshake failed; returned -1, SSL error code 1, net_error -202
[1127/210942.771:ERROR:ssl_client_socket_impl.cc(924)] handshake failed; returned -1, SSL error code 1, net_error -202
[1127/210945.508:ERROR:ssl_client_socket_impl.cc(924)] handshake failed; returned -1, SSL error code 1, net_error -202
[1127/210945.726:ERROR:ssl_client_socket_impl.cc(924)] handshake failed; returned -1, SSL error code 1, net_error -202
[1127/210947.383:ERROR:ssl_client_socket_impl.cc(924)] handshake failed; returned -1, SSL error code 1, net_error -202
[1127/210947.579:ERROR:ssl_client_socket_impl.cc(924)] handshake failed; returned -1, SSL error code 1, net_error -202
[1127/210947.685:ERROR:ssl_client_socket_impl.cc(924)] handshake failed; returned -1, SSL error code 1, net_error -202
[1127/210954.783:ERROR:ssl_client_socket_impl.cc(924)] handshake failed; returned -1, SSL error code 1, net_error -202
[1127/210954.796:ERROR:ssl_client_socket_impl.cc(924)] handshake failed; returned -1, SSL error code 1, net_error -202
[1127/210957.197:ERROR:ssl_client_socket_impl.cc(924)] handshake failed; returned -1, SSL error code 1, net_error -202
[1127/210957.376:ERROR:ssl_client_socket_impl.cc(924)] handshake failed; returned -1, SSL error code 1, net_error -202
[1127/210957.389:ERROR:ssl_client_socket_impl.cc(924)] handshake failed; returned -1, SSL error code 1, net_error -202
[1127/210957.404:ERROR:ssl_client_socket_impl.cc(924)] handshake failed; returned -1, SSL error code 1, net_error -202
[1127/210957.420:ERROR:ssl_client_socket_impl.cc(924)] handshake failed; returned -1, SSL error code 1, net_error -202
[1127/210957.441:ERROR:ssl_client_socket_impl.cc(924)] handshake failed; returned -1, SSL error code 1, net_error -202
[1127/210957.470:ERROR:ssl_client_socket_impl.cc(924)] handshake failed; returned -1, SSL error code 1, net_error -202
[1127/210957.499:ERROR:ssl_client_socket_impl.cc(924)] handshake failed; returned -1, SSL error code 1, net_error -202
[1127/211013.470:ERROR:ssl_client_socket_impl.cc(924)] handshake failed; returned -1, SSL error code 1, net_error -202
[1127/211050.824:ERROR:ssl_client_socket_impl.cc(924)] handshake failed; returned -1, SSL error code 1, net_error -202
[1127/211050.969:ERROR:ssl_client_socket_impl.cc(924)] handshake failed; returned -1, SSL error code 1, net_error -202
[1127/211050.979:ERROR:ssl_client_socket_impl.cc(924)] handshake failed; returned -1, SSL error code 1, net_error -202
[1127/211051.026:INFO:CONSOLE(74)] "Ignore config query 'Call Stack'(/CPUParentCallStack) because of duplicate display name!", source: https://127.0.0.1:32461/htmlutil/htmlutil-617803.js (74)
[1127/211051.027:INFO:CONSOLE(74)] "Ignore config query 'Thread'(/GenericThread) because of duplicate display name!", source: https://127.0.0.1:32461/htmlutil/htmlutil-617803.js (74)
[1127/211051.033:ERROR:ssl_client_socket_impl.cc(924)] handshake failed; returned -1, SSL error code 1, net_error -202
[1127/211051.047:ERROR:ssl_client_socket_impl.cc(924)] handshake failed; returned -1, SSL error code 1, net_error -202
[1127/211051.066:ERROR:ssl_client_socket_impl.cc(924)] handshake failed; returned -1, SSL error code 1, net_error -202
[1127/211051.127:ERROR:ssl_client_socket_impl.cc(924)] handshake failed; returned -1, SSL error code 1, net_error -202
[1127/211051.145:ERROR:ssl_client_socket_impl.cc(924)] handshake failed; returned -1, SSL error code 1, net_error -202
[1127/211051.155:ERROR:ssl_client_socket_impl.cc(924)] handshake failed; returned -1, SSL error code 1, net_error -202
[1127/211051.174:ERROR:ssl_client_socket_impl.cc(924)] handshake failed; returned -1, SSL error code 1, net_error -202
[1127/211051.230:ERROR:ssl_client_socket_impl.cc(924)] handshake failed; returned -1, SSL error code 1, net_error -202
[1127/211051.256:ERROR:ssl_client_socket_impl.cc(924)] handshake failed; returned -1, SSL error code 1, net_error -202
[1127/211051.258:ERROR:ssl_client_socket_impl.cc(924)] handshake failed; returned -1, SSL error code 1, net_error -202
[1127/211051.278:ERROR:ssl_client_socket_impl.cc(924)] handshake failed; returned -1, SSL error code 1, net_error -202
[1127/211051.634:INFO:CONSOLE(74)] "No selection filter is set yet", source: https://127.0.0.1:32461/htmlutil/htmlutil-617803.js (74)
[1127/211101.841:ERROR:ssl_client_socket_impl.cc(924)] handshake failed; returned -1, SSL error code 1, net_error -202
[1127/211103.585:ERROR:ssl_client_socket_impl.cc(924)] handshake failed; returned -1, SSL error code 1, net_error -202
[1127/211103.597:ERROR:ssl_client_socket_impl.cc(924)] handshake failed; returned -1, SSL error code 1, net_error -202
[1127/211112.422:ERROR:ssl_client_socket_impl.cc(924)] handshake failed; returned -1, SSL error code 1, net_error -202
[1127/211112.423:ERROR:ssl_client_socket_impl.cc(924)] handshake failed; returned -1, SSL error code 1, net_error -202
[1127/211123.826:ERROR:ssl_client_socket_impl.cc(924)] handshake failed; returned -1, SSL error code 1, net_error -202
[1127/211123.851:ERROR:ssl_client_socket_impl.cc(924)] handshake failed; returned -1, SSL error code 1, net_error -202
[1127/211123.864:ERROR:ssl_client_socket_impl.cc(924)] handshake failed; returned -1, SSL error code 1, net_error -202
[1127/211124.389:ERROR:ssl_client_socket_impl.cc(924)] handshake failed; returned -1, SSL error code 1, net_error -202
[1127/211247.533:ERROR:ssl_client_socket_impl.cc(924)] handshake failed; returned -1, SSL error code 1, net_error -202
[1127/211247.583:ERROR:ssl_client_socket_impl.cc(924)] handshake failed; returned -1, SSL error code 1, net_error -202
[1127/211256.797:ERROR:ssl_client_socket_impl.cc(924)] handshake failed; returned -1, SSL error code 1, net_error -202
[1127/211256.824:ERROR:ssl_client_socket_impl.cc(924)] handshake failed; returned -1, SSL error code 1, net_error -202
[1127/211256.844:ERROR:ssl_client_socket_impl.cc(924)] handshake failed; returned -1, SSL error code 1, net_error -202
[1127/211256.865:ERROR:ssl_client_socket_impl.cc(924)] handshake failed; returned -1, SSL error code 1, net_error -202
[1127/211256.880:ERROR:ssl_client_socket_impl.cc(924)] handshake failed; returned -1, SSL error code 1, net_error -202
[1127/211256.897:ERROR:ssl_client_socket_impl.cc(924)] handshake failed; returned -1, SSL error code 1, net_error -202
[1127/211256.915:ERROR:ssl_client_socket_impl.cc(924)] handshake failed; returned -1, SSL error code 1, net_error -202
[1127/211256.939:ERROR:ssl_client_socket_impl.cc(924)] handshake failed; returned -1, SSL error code 1, net_error -202
[1127/211256.954:ERROR:ssl_client_socket_impl.cc(924)] handshake failed; returned -1, SSL error code 1, net_error -202
[1127/211256.982:ERROR:ssl_client_socket_impl.cc(924)] handshake failed; returned -1, SSL error code 1, net_error -202
[1127/211256.998:ERROR:ssl_client_socket_impl.cc(924)] handshake failed; returned -1, SSL error code 1, net_error -202
[1127/211257.039:ERROR:ssl_client_socket_impl.cc(924)] handshake failed; returned -1, SSL error code 1, net_error -202
[1127/211257.058:ERROR:ssl_client_socket_impl.cc(924)] handshake failed; returned -1, SSL error code 1, net_error -202
[1127/211257.703:ERROR:ssl_client_socket_impl.cc(924)] handshake failed; returned -1, SSL error code 1, net_error -202
[1127/211307.713:ERROR:ssl_client_socket_impl.cc(924)] handshake failed; returned -1, SSL error code 1, net_error -202
[1127/211307.728:ERROR:ssl_client_socket_impl.cc(924)] handshake failed; returned -1, SSL error code 1, net_error -202
[1127/211315.327:ERROR:ssl_client_socket_impl.cc(924)] handshake failed; returned -1, SSL error code 1, net_error -202
[1127/211315.330:ERROR:ssl_client_socket_impl.cc(924)] handshake failed; returned -1, SSL error code 1, net_error -202
[1127/211315.401:ERROR:ssl_client_socket_impl.cc(924)] handshake failed; returned -1, SSL error code 1, net_error -202
[1127/211315.469:ERROR:ssl_client_socket_impl.cc(924)] handshake failed; returned -1, SSL error code 1, net_error -202
[1127/211315.473:ERROR:ssl_client_socket_impl.cc(924)] handshake failed; returned -1, SSL error code 1, net_error -202
[1127/211315.495:ERROR:ssl_client_socket_impl.cc(924)] handshake failed; returned -1, SSL error code 1, net_error -202
[1127/211315.509:ERROR:ssl_client_socket_impl.cc(924)] handshake failed; returned -1, SSL error code 1, net_error -202
[1127/211316.647:ERROR:ssl_client_socket_impl.cc(924)] handshake failed; returned -1, SSL error code 1, net_error -202
[1127/211316.670:ERROR:ssl_client_socket_impl.cc(924)] handshake failed; returned -1, SSL error code 1, net_error -202
[1127/211316.730:ERROR:ssl_client_socket_impl.cc(924)] handshake failed; returned -1, SSL error code 1, net_error -202
[1127/211316.745:ERROR:ssl_client_socket_impl.cc(924)] handshake failed; returned -1, SSL error code 1, net_error -202
[1127/211329.441:ERROR:ssl_client_socket_impl.cc(924)] handshake failed; returned -1, SSL error code 1, net_error -202
[1127/211329.443:ERROR:ssl_client_socket_impl.cc(924)] handshake failed; returned -1, SSL error code 1, net_error -202
[1127/211332.109:ERROR:ssl_client_socket_impl.cc(924)] handshake failed; returned -1, SSL error code 1, net_error -202
[1127/211332.281:ERROR:ssl_client_socket_impl.cc(924)] handshake failed; returned -1, SSL error code 1, net_error -202
[1127/211332.297:ERROR:ssl_client_socket_impl.cc(924)] handshake failed; returned -1, SSL error code 1, net_error -202
[1127/211332.315:ERROR:ssl_client_socket_impl.cc(924)] handshake failed; returned -1, SSL error code 1, net_error -202
[1127/211332.332:ERROR:ssl_client_socket_impl.cc(924)] handshake failed; returned -1, SSL error code 1, net_error -202
[1127/211332.354:ERROR:ssl_client_socket_impl.cc(924)] handshake failed; returned -1, SSL error code 1, net_error -202
[1127/211332.371:ERROR:ssl_client_socket_impl.cc(924)] handshake failed; returned -1, SSL error code 1, net_error -202
[1127/211339.659:ERROR:ssl_client_socket_impl.cc(924)] handshake failed; returned -1, SSL error code 1, net_error -202
[1127/211339.677:ERROR:ssl_client_socket_impl.cc(924)] handshake failed; returned -1, SSL error code 1, net_error -202
[1127/211603.711:ERROR:ssl_client_socket_impl.cc(924)] handshake failed; returned -1, SSL error code 1, net_error -202
[1127/211603.727:ERROR:ssl_client_socket_impl.cc(924)] handshake failed; returned -1, SSL error code 1, net_error -202
[1127/211603.740:ERROR:ssl_client_socket_impl.cc(924)] handshake failed; returned -1, SSL error code 1, net_error -202
[1127/211603.757:ERROR:ssl_client_socket_impl.cc(924)] handshake failed; returned -1, SSL error code 1, net_error -202
[1127/211603.773:ERROR:ssl_client_socket_impl.cc(924)] handshake failed; returned -1, SSL error code 1, net_error -202
[1127/211603.890:ERROR:ssl_client_socket_impl.cc(924)] handshake failed; returned -1, SSL error code 1, net_error -202
[1127/211612.983:ERROR:ssl_client_socket_impl.cc(924)] handshake failed; returned -1, SSL error code 1, net_error -202
[1127/211612.984:ERROR:ssl_client_socket_impl.cc(924)] handshake failed; returned -1, SSL error code 1, net_error -202
[1127/211613.000:ERROR:ssl_client_socket_impl.cc(924)] handshake failed; returned -1, SSL error code 1, net_error -202
[1127/211613.019:ERROR:ssl_client_socket_impl.cc(924)] handshake failed; returned -1, SSL error code 1, net_error -202
[1127/211613.039:ERROR:ssl_client_socket_impl.cc(924)] handshake failed; returned -1, SSL error code 1, net_error -202
[1127/211613.140:ERROR:ssl_client_socket_impl.cc(924)] handshake failed; returned -1, SSL error code 1, net_error -202
[1127/211621.416:ERROR:ssl_client_socket_impl.cc(924)] handshake failed; returned -1, SSL error code 1, net_error -202
[1127/211621.418:ERROR:ssl_client_socket_impl.cc(924)] handshake failed; returned -1, SSL error code 1, net_error -202
[1127/211621.434:ERROR:ssl_client_socket_impl.cc(924)] handshake failed; returned -1, SSL error code 1, net_error -202
[1127/211621.456:ERROR:ssl_client_socket_impl.cc(924)] handshake failed; returned -1, SSL error code 1, net_error -202
[1127/211621.471:ERROR:ssl_client_socket_impl.cc(924)] handshake failed; returned -1, SSL error code 1, net_error -202
[1127/211621.585:ERROR:ssl_client_socket_impl.cc(924)] handshake failed; returned -1, SSL error code 1, net_error -202
[1127/211621.622:ERROR:ssl_client_socket_impl.cc(924)] handshake failed; returned -1, SSL error code 1, net_error -202
[1127/211707.141:ERROR:ssl_client_socket_impl.cc(924)] handshake failed; returned -1, SSL error code 1, net_error -202
[1127/211707.477:ERROR:ssl_client_socket_impl.cc(924)] handshake failed; returned -1, SSL error code 1, net_error -202
[1127/211707.497:ERROR:ssl_client_socket_impl.cc(924)] handshake failed; returned -1, SSL error code 1, net_error -202
[1127/211707.510:ERROR:ssl_client_socket_impl.cc(924)] handshake failed; returned -1, SSL error code 1, net_error -202
[1127/211707.524:ERROR:ssl_client_socket_impl.cc(924)] handshake failed; returned -1, SSL error code 1, net_error -202
[1127/211707.538:ERROR:ssl_client_socket_impl.cc(924)] handshake failed; returned -1, SSL error code 1, net_error -202
[1127/211707.558:ERROR:ssl_client_socket_impl.cc(924)] handshake failed; returned -1, SSL error code 1, net_error -202
[1127/211707.576:ERROR:ssl_client_socket_impl.cc(924)] handshake failed; returned -1, SSL error code 1, net_error -202
[1127/211707.592:ERROR:ssl_client_socket_impl.cc(924)] handshake failed; returned -1, SSL error code 1, net_error -202
[1127/211707.607:ERROR:ssl_client_socket_impl.cc(924)] handshake failed; returned -1, SSL error code 1, net_error -202
[1127/211707.631:ERROR:ssl_client_socket_impl.cc(924)] handshake failed; returned -1, SSL error code 1, net_error -202
[1127/211707.646:ERROR:ssl_client_socket_impl.cc(924)] handshake failed; returned -1, SSL error code 1, net_error -202
[1127/211707.663:ERROR:ssl_client_socket_impl.cc(924)] handshake failed; returned -1, SSL error code 1, net_error -202
[1127/211707.676:ERROR:ssl_client_socket_impl.cc(924)] handshake failed; returned -1, SSL error code 1, net_error -202
[1127/211707.690:ERROR:ssl_client_socket_impl.cc(924)] handshake failed; returned -1, SSL error code 1, net_error -202
[1127/211707.714:ERROR:ssl_client_socket_impl.cc(924)] handshake failed; returned -1, SSL error code 1, net_error -202
[1127/211707.724:ERROR:ssl_client_socket_impl.cc(924)] handshake failed; returned -1, SSL error code 1, net_error -202
[1127/211708.702:ERROR:ssl_client_socket_impl.cc(924)] handshake failed; returned -1, SSL error code 1, net_error -202
[1127/211715.610:ERROR:ssl_client_socket_impl.cc(924)] handshake failed; returned -1, SSL error code 1, net_error -202
[1127/211715.625:ERROR:ssl_client_socket_impl.cc(924)] handshake failed; returned -1, SSL error code 1, net_error -202
[1127/211715.645:ERROR:ssl_client_socket_impl.cc(924)] handshake failed; returned -1, SSL error code 1, net_error -202
[1127/211715.664:ERROR:ssl_client_socket_impl.cc(924)] handshake failed; returned -1, SSL error code 1, net_error -202
[1127/211715.694:ERROR:ssl_client_socket_impl.cc(924)] handshake failed; returned -1, SSL error code 1, net_error -202
[1127/211715.711:ERROR:ssl_client_socket_impl.cc(924)] handshake failed; returned -1, SSL error code 1, net_error -202
[1127/211715.740:ERROR:ssl_client_socket_impl.cc(924)] handshake failed; returned -1, SSL error code 1, net_error -202
[1127/211715.756:ERROR:ssl_client_socket_impl.cc(924)] handshake failed; returned -1, SSL error code 1, net_error -202
[1127/211715.780:ERROR:ssl_client_socket_impl.cc(924)] handshake failed; returned -1, SSL error code 1, net_error -202
[1127/211715.838:ERROR:ssl_client_socket_impl.cc(924)] handshake failed; returned -1, SSL error code 1, net_error -202
[1127/211722.453:ERROR:ssl_client_socket_impl.cc(924)] handshake failed; returned -1, SSL error code 1, net_error -202
[1127/211722.466:ERROR:ssl_client_socket_impl.cc(924)] handshake failed; returned -1, SSL error code 1, net_error -202
[1127/211913.698:ERROR:ssl_client_socket_impl.cc(924)] handshake failed; returned -1, SSL error code 1, net_error -202
[1127/211913.716:ERROR:ssl_client_socket_impl.cc(924)] handshake failed; returned -1, SSL error code 1, net_error -202
[1127/211913.931:ERROR:ssl_client_socket_impl.cc(924)] handshake failed; returned -1, SSL error code 1, net_error -202
[1127/211915.407:ERROR:ssl_client_socket_impl.cc(924)] handshake failed; returned -1, SSL error code 1, net_error -202
[1127/211915.517:ERROR:ssl_client_socket_impl.cc(924)] handshake failed; returned -1, SSL error code 1, net_error -202
[1127/211915.849:ERROR:ssl_client_socket_impl.cc(924)] handshake failed; returned -1, SSL error code 1, net_error -202
[1127/211916.978:ERROR:ssl_client_socket_impl.cc(924)] handshake failed; returned -1, SSL error code 1, net_error -202
[1127/211919.923:ERROR:ssl_client_socket_impl.cc(924)] handshake failed; returned -1, SSL error code 1, net_error -202
[1127/211921.739:ERROR:ssl_client_socket_impl.cc(924)] handshake failed; returned -1, SSL error code 1, net_error -202
[1127/211921.906:ERROR:ssl_client_socket_impl.cc(924)] handshake failed; returned -1, SSL error code 1, net_error -202
[1127/211923.140:ERROR:ssl_client_socket_impl.cc(924)] handshake failed; returned -1, SSL error code 1, net_error -202
[1127/211923.270:ERROR:ssl_client_socket_impl.cc(924)] handshake failed; returned -1, SSL error code 1, net_error -202
[1127/211923.709:ERROR:ssl_client_socket_impl.cc(924)] handshake failed; returned -1, SSL error code 1, net_error -202
[1127/211924.028:ERROR:ssl_client_socket_impl.cc(924)] handshake failed; returned -1, SSL error code 1, net_error -202
[1127/211924.233:ERROR:ssl_client_socket_impl.cc(924)] handshake failed; returned -1, SSL error code 1, net_error -202
[1127/211933.900:ERROR:ssl_client_socket_impl.cc(924)] handshake failed; returned -1, SSL error code 1, net_error -202
[1127/211933.918:ERROR:ssl_client_socket_impl.cc(924)] handshake failed; returned -1, SSL error code 1, net_error -202
[1127/211936.163:ERROR:ssl_client_socket_impl.cc(924)] handshake failed; returned -1, SSL error code 1, net_error -202
[1127/211937.872:ERROR:ssl_client_socket_impl.cc(924)] handshake failed; returned -1, SSL error code 1, net_error -202
[1127/211937.895:ERROR:ssl_client_socket_impl.cc(924)] handshake failed; returned -1, SSL error code 1, net_error -202
[1127/211938.194:ERROR:ssl_client_socket_impl.cc(924)] handshake failed; returned -1, SSL error code 1, net_error -202
[1127/211938.213:ERROR:ssl_client_socket_impl.cc(924)] handshake failed; returned -1, SSL error code 1, net_error -202
[1127/211938.230:ERROR:ssl_client_socket_impl.cc(924)] handshake failed; returned -1, SSL error code 1, net_error -202
[1127/211938.253:ERROR:ssl_client_socket_impl.cc(924)] handshake failed; returned -1, SSL error code 1, net_error -202
[1127/211938.290:ERROR:ssl_client_socket_impl.cc(924)] handshake failed; returned -1, SSL error code 1, net_error -202
[1127/211938.322:ERROR:ssl_client_socket_impl.cc(924)] handshake failed; returned -1, SSL error code 1, net_error -202
[1127/211938.343:ERROR:ssl_client_socket_impl.cc(924)] handshake failed; returned -1, SSL error code 1, net_error -202
[1127/211938.359:ERROR:ssl_client_socket_impl.cc(924)] handshake failed; returned -1, SSL error code 1, net_error -202
[1127/211938.449:ERROR:ssl_client_socket_impl.cc(924)] handshake failed; returned -1, SSL error code 1, net_error -202
[1127/211947.603:ERROR:ssl_client_socket_impl.cc(924)] handshake failed; returned -1, SSL error code 1, net_error -202
[1127/211947.767:ERROR:ssl_client_socket_impl.cc(924)] handshake failed; returned -1, SSL error code 1, net_error -202
[1127/211947.783:ERROR:ssl_client_socket_impl.cc(924)] handshake failed; returned -1, SSL error code 1, net_error -202
[1127/211947.856:INFO:CONSOLE(74)] "Ignore config query 'Call Stack'(/CPUParentCallStack) because of duplicate display name!", source: https://127.0.0.1:32461/htmlutil/htmlutil-617803.js (74)
[1127/211947.856:INFO:CONSOLE(74)] "Ignore config query 'Thread'(/GenericThread) because of duplicate display name!", source: https://127.0.0.1:32461/htmlutil/htmlutil-617803.js (74)
[1127/211947.878:ERROR:ssl_client_socket_impl.cc(924)] handshake failed; returned -1, SSL error code 1, net_error -202
[1127/211947.896:ERROR:ssl_client_socket_impl.cc(924)] handshake failed; returned -1, SSL error code 1, net_error -202
[1127/211947.956:ERROR:ssl_client_socket_impl.cc(924)] handshake failed; returned -1, SSL error code 1, net_error -202
[1127/211947.971:ERROR:ssl_client_socket_impl.cc(924)] handshake failed; returned -1, SSL error code 1, net_error -202
[1127/211947.974:ERROR:ssl_client_socket_impl.cc(924)] handshake failed; returned -1, SSL error code 1, net_error -202
[1127/211947.985:ERROR:ssl_client_socket_impl.cc(924)] handshake failed; returned -1, SSL error code 1, net_error -202
[1127/211948.000:ERROR:ssl_client_socket_impl.cc(924)] handshake failed; returned -1, SSL error code 1, net_error -202
[1127/211948.030:ERROR:ssl_client_socket_impl.cc(924)] handshake failed; returned -1, SSL error code 1, net_error -202
[1127/211948.126:ERROR:ssl_client_socket_impl.cc(924)] handshake failed; returned -1, SSL error code 1, net_error -202
[1127/211948.686:INFO:CONSOLE(74)] "No selection filter is set yet", source: https://127.0.0.1:32461/htmlutil/htmlutil-617803.js (74)
[1127/212004.244:ERROR:ssl_client_socket_impl.cc(924)] handshake failed; returned -1, SSL error code 1, net_error -202
[1127/212004.245:ERROR:ssl_client_socket_impl.cc(924)] handshake failed; returned -1, SSL error code 1, net_error -202
[1127/212021.283:ERROR:ssl_client_socket_impl.cc(924)] handshake failed; returned -1, SSL error code 1, net_error -202
[1127/212024.935:ERROR:ssl_client_socket_impl.cc(924)] handshake failed; returned -1, SSL error code 1, net_error -202
[1127/212024.952:ERROR:ssl_client_socket_impl.cc(924)] handshake failed; returned -1, SSL error code 1, net_error -202
[1127/212025.057:ERROR:ssl_client_socket_impl.cc(924)] handshake failed; returned -1, SSL error code 1, net_error -202
[1127/212058.286:ERROR:ssl_client_socket_impl.cc(924)] handshake failed; returned -1, SSL error code 1, net_error -202
[1127/212904.620:ERROR:ssl_client_socket_impl.cc(924)] handshake failed; returned -1, SSL error code 1, net_error -202
[1127/212908.226:ERROR:ssl_client_socket_impl.cc(924)] handshake failed; returned -1, SSL error code 1, net_error -202
[1127/212908.238:ERROR:ssl_client_socket_impl.cc(924)] handshake failed; returned -1, SSL error code 1, net_error -202
[1127/212908.246:ERROR:ssl_client_socket_impl.cc(924)] handshake failed; returned -1, SSL error code 1, net_error -202
[1127/212908.266:ERROR:ssl_client_socket_impl.cc(924)] handshake failed; returned -1, SSL error code 1, net_error -202
[1127/212908.296:ERROR:ssl_client_socket_impl.cc(924)] handshake failed; returned -1, SSL error code 1, net_error -202
[1127/212908.309:ERROR:ssl_client_socket_impl.cc(924)] handshake failed; returned -1, SSL error code 1, net_error -202
[1127/212908.319:ERROR:ssl_client_socket_impl.cc(924)] handshake failed; returned -1, SSL error code 1, net_error -202
[1127/212908.330:ERROR:ssl_client_socket_impl.cc(924)] handshake failed; returned -1, SSL error code 1, net_error -202
[1127/212908.345:ERROR:ssl_client_socket_impl.cc(924)] handshake failed; returned -1, SSL error code 1, net_error -202
[1127/212908.357:ERROR:ssl_client_socket_impl.cc(924)] handshake failed; returned -1, SSL error code 1, net_error -202
[1127/212908.370:ERROR:ssl_client_socket_impl.cc(924)] handshake failed; returned -1, SSL error code 1, net_error -202
[1127/212908.389:ERROR:ssl_client_socket_impl.cc(924)] handshake failed; returned -1, SSL error code 1, net_error -202
[1127/212908.406:ERROR:ssl_client_socket_impl.cc(924)] handshake failed; returned -1, SSL error code 1, net_error -202
[1127/212908.425:ERROR:ssl_client_socket_impl.cc(924)] handshake failed; returned -1, SSL error code 1, net_error -202
[1127/212908.459:ERROR:ssl_client_socket_impl.cc(924)] handshake failed; returned -1, SSL error code 1, net_error -202
[1127/212909.385:ERROR:ssl_client_socket_impl.cc(924)] handshake failed; returned -1, SSL error code 1, net_error -202
[1127/213102.772:ERROR:ssl_client_socket_impl.cc(924)] handshake failed; returned -1, SSL error code 1, net_error -202
[1127/213102.807:ERROR:ssl_client_socket_impl.cc(924)] handshake failed; returned -1, SSL error code 1, net_error -202
[1127/213104.505:ERROR:ssl_client_socket_impl.cc(924)] handshake failed; returned -1, SSL error code 1, net_error -202
[1127/213104.578:ERROR:ssl_client_socket_impl.cc(924)] handshake failed; returned -1, SSL error code 1, net_error -202
[1127/213104.862:ERROR:ssl_client_socket_impl.cc(924)] handshake failed; returned -1, SSL error code 1, net_error -202
[1127/213105.681:ERROR:ssl_client_socket_impl.cc(924)] handshake failed; returned -1, SSL error code 1, net_error -202
[1127/213108.131:ERROR:ssl_client_socket_impl.cc(924)] handshake failed; returned -1, SSL error code 1, net_error -202
[1127/213109.987:ERROR:ssl_client_socket_impl.cc(924)] handshake failed; returned -1, SSL error code 1, net_error -202
[1127/213111.122:ERROR:ssl_client_socket_impl.cc(924)] handshake failed; returned -1, SSL error code 1, net_error -202
[1127/213111.310:ERROR:ssl_client_socket_impl.cc(924)] handshake failed; returned -1, SSL error code 1, net_error -202
[1127/213111.729:ERROR:ssl_client_socket_impl.cc(924)] handshake failed; returned -1, SSL error code 1, net_error -202
[1127/213120.414:ERROR:ssl_client_socket_impl.cc(924)] handshake failed; returned -1, SSL error code 1, net_error -202
[1127/213120.432:ERROR:ssl_client_socket_impl.cc(924)] handshake failed; returned -1, SSL error code 1, net_error -202
[1127/213122.209:ERROR:ssl_client_socket_impl.cc(924)] handshake failed; returned -1, SSL error code 1, net_error -202
[1127/213123.445:ERROR:ssl_client_socket_impl.cc(924)] handshake failed; returned -1, SSL error code 1, net_error -202
[1127/213123.490:ERROR:ssl_client_socket_impl.cc(924)] handshake failed; returned -1, SSL error code 1, net_error -202
[1127/213123.643:ERROR:ssl_client_socket_impl.cc(924)] handshake failed; returned -1, SSL error code 1, net_error -202
[1127/213123.648:ERROR:ssl_client_socket_impl.cc(924)] handshake failed; returned -1, SSL error code 1, net_error -202
[1127/213123.666:ERROR:ssl_client_socket_impl.cc(924)] handshake failed; returned -1, SSL error code 1, net_error -202
[1127/213123.685:ERROR:ssl_client_socket_impl.cc(924)] handshake failed; returned -1, SSL error code 1, net_error -202
[1127/213123.704:ERROR:ssl_client_socket_impl.cc(924)] handshake failed; returned -1, SSL error code 1, net_error -202
[1127/213123.741:ERROR:ssl_client_socket_impl.cc(924)] handshake failed; returned -1, SSL error code 1, net_error -202
[1127/222045.658:ERROR:ssl_client_socket_impl.cc(924)] handshake failed; returned -1, SSL error code 1, net_error -202
[0510/214054.304:ERROR:ssl_client_socket_impl.cc(924)] handshake failed; returned -1, SSL error code 1, net_error -202
[0510/214056.015:ERROR:ssl_client_socket_impl.cc(924)] handshake failed; returned -1, SSL error code 1, net_error -202
[0510/214056.018:ERROR:ssl_client_socket_impl.cc(924)] handshake failed; returned -1, SSL error code 1, net_error -202
[0510/214056.039:ERROR:ssl_client_socket_impl.cc(924)] handshake failed; returned -1, SSL error code 1, net_error -202
[0510/214056.050:ERROR:ssl_client_socket_impl.cc(924)] handshake failed; returned -1, SSL error code 1, net_error -202
[0510/214056.061:ERROR:ssl_client_socket_impl.cc(924)] handshake failed; returned -1, SSL error code 1, net_error -202
[0510/214056.070:ERROR:ssl_client_socket_impl.cc(924)] handshake failed; returned -1, SSL error code 1, net_error -202
[0510/214056.081:ERROR:ssl_client_socket_impl.cc(924)] handshake failed; returned -1, SSL error code 1, net_error -202
[0510/214056.092:ERROR:ssl_client_socket_impl.cc(924)] handshake failed; returned -1, SSL error code 1, net_error -202
[0510/214056.109:ERROR:ssl_client_socket_impl.cc(924)] handshake failed; returned -1, SSL error code 1, net_error -202
[0510/214056.125:ERROR:ssl_client_socket_impl.cc(924)] handshake failed; returned -1, SSL error code 1, net_error -202
[0510/214056.136:ERROR:ssl_client_socket_impl.cc(924)] handshake failed; returned -1, SSL error code 1, net_error -202
[0510/214056.170:ERROR:ssl_client_socket_impl.cc(924)] handshake failed; returned -1, SSL error code 1, net_error -202
[0510/214056.181:ERROR:ssl_client_socket_impl.cc(924)] handshake failed; returned -1, SSL error code 1, net_error -202
[0510/214056.190:ERROR:ssl_client_socket_impl.cc(924)] handshake failed; returned -1, SSL error code 1, net_error -202
[0510/214058.164:ERROR:ssl_client_socket_impl.cc(924)] handshake failed; returned -1, SSL error code 1, net_error -202
[0510/214106.879:ERROR:ssl_client_socket_impl.cc(924)] handshake failed; returned -1, SSL error code 1, net_error -202
[0510/214106.893:ERROR:ssl_client_socket_impl.cc(924)] handshake failed; returned -1, SSL error code 1, net_error -202
[0510/214106.911:ERROR:ssl_client_socket_impl.cc(924)] handshake failed; returned -1, SSL error code 1, net_error -202
[0510/214106.925:ERROR:ssl_client_socket_impl.cc(924)] handshake failed; returned -1, SSL error code 1, net_error -202
[0510/214106.942:ERROR:ssl_client_socket_impl.cc(924)] handshake failed; returned -1, SSL error code 1, net_error -202
[0510/214156.485:ERROR:ssl_client_socket_impl.cc(924)] handshake failed; returned -1, SSL error code 1, net_error -202
[0510/214156.635:ERROR:ssl_client_socket_impl.cc(924)] handshake failed; returned -1, SSL error code 1, net_error -202
[0510/214156.644:ERROR:ssl_client_socket_impl.cc(924)] handshake failed; returned -1, SSL error code 1, net_error -202
[0510/214156.702:ERROR:ssl_client_socket_impl.cc(924)] handshake failed; returned -1, SSL error code 1, net_error -202
[0510/214156.713:ERROR:ssl_client_socket_impl.cc(924)] handshake failed; returned -1, SSL error code 1, net_error -202
[0510/214210.175:ERROR:ssl_client_socket_impl.cc(924)] handshake failed; returned -1, SSL error code 1, net_error -202
[0510/214210.632:ERROR:ssl_client_socket_impl.cc(924)] handshake failed; returned -1, SSL error code 1, net_error -202
[0510/214210.643:ERROR:ssl_client_socket_impl.cc(924)] handshake failed; returned -1, SSL error code 1, net_error -202
[0510/214218.479:ERROR:ssl_client_socket_impl.cc(924)] handshake failed; returned -1, SSL error code 1, net_error -202
[0510/214219.196:ERROR:ssl_client_socket_impl.cc(924)] handshake failed; returned -1, SSL error code 1, net_error -202
[0510/214219.323:ERROR:ssl_client_socket_impl.cc(924)] handshake failed; returned -1, SSL error code 1, net_error -202
[0510/214219.337:ERROR:ssl_client_socket_impl.cc(924)] handshake failed; returned -1, SSL error code 1, net_error -202
[0510/214219.583:ERROR:ssl_client_socket_impl.cc(924)] handshake failed; returned -1, SSL error code 1, net_error -202
[0510/214219.584:ERROR:ssl_client_socket_impl.cc(924)] handshake failed; returned -1, SSL error code 1, net_error -202
[0510/214219.603:ERROR:ssl_client_socket_impl.cc(924)] handshake failed; returned -1, SSL error code 1, net_error -202
[0510/214219.619:ERROR:ssl_client_socket_impl.cc(924)] handshake failed; returned -1, SSL error code 1, net_error -202
[0510/214219.634:ERROR:ssl_client_socket_impl.cc(924)] handshake failed; returned -1, SSL error code 1, net_error -202
[0510/214219.697:INFO:CONSOLE(74)] "[object Object]", source: https://127.0.0.1:33068/htmlutil/htmlutil-617803.js (74)
[0510/214219.729:INFO:CONSOLE(74)] "[object Object]", source: https://127.0.0.1:33068/htmlutil/htmlutil-617803.js (74)
[0510/214220.295:INFO:CONSOLE(74)] "[object Object]", source: https://127.0.0.1:33068/htmlutil/htmlutil-617803.js (74)
[0510/214220.295:INFO:CONSOLE(74)] "[object Object]", source: https://127.0.0.1:33068/htmlutil/htmlutil-617803.js (74)
[0510/214220.320:ERROR:ssl_client_socket_impl.cc(924)] handshake failed; returned -1, SSL error code 1, net_error -202
[0510/214220.320:ERROR:ssl_client_socket_impl.cc(924)] handshake failed; returned -1, SSL error code 1, net_error -202
[0510/214233.088:ERROR:ssl_client_socket_impl.cc(924)] handshake failed; returned -1, SSL error code 1, net_error -202
[0510/214233.119:ERROR:ssl_client_socket_impl.cc(924)] handshake failed; returned -1, SSL error code 1, net_error -202
[0510/214233.729:ERROR:ssl_client_socket_impl.cc(924)] handshake failed; returned -1, SSL error code 1, net_error -202
[0510/214233.731:ERROR:ssl_client_socket_impl.cc(924)] handshake failed; returned -1, SSL error code 1, net_error -202
[0510/214233.742:ERROR:ssl_client_socket_impl.cc(924)] handshake failed; returned -1, SSL error code 1, net_error -202
[0510/214233.753:ERROR:ssl_client_socket_impl.cc(924)] handshake failed; returned -1, SSL error code 1, net_error -202
[0510/214423.570:ERROR:ssl_client_socket_impl.cc(924)] handshake failed; returned -1, SSL error code 1, net_error -202
[0510/214423.814:ERROR:ssl_client_socket_impl.cc(924)] handshake failed; returned -1, SSL error code 1, net_error -202
[0510/214423.827:ERROR:ssl_client_socket_impl.cc(924)] handshake failed; returned -1, SSL error code 1, net_error -202
[0510/214423.844:ERROR:ssl_client_socket_impl.cc(924)] handshake failed; returned -1, SSL error code 1, net_error -202
[0510/214423.854:ERROR:ssl_client_socket_impl.cc(924)] handshake failed; returned -1, SSL error code 1, net_error -202
[0510/214423.864:ERROR:ssl_client_socket_impl.cc(924)] handshake failed; returned -1, SSL error code 1, net_error -202
[0510/214423.872:ERROR:ssl_client_socket_impl.cc(924)] handshake failed; returned -1, SSL error code 1, net_error -202
[0510/214423.881:ERROR:ssl_client_socket_impl.cc(924)] handshake failed; returned -1, SSL error code 1, net_error -202
[0510/214423.892:ERROR:ssl_client_socket_impl.cc(924)] handshake failed; returned -1, SSL error code 1, net_error -202
[0510/214423.900:ERROR:ssl_client_socket_impl.cc(924)] handshake failed; returned -1, SSL error code 1, net_error -202
[0510/214423.908:ERROR:ssl_client_socket_impl.cc(924)] handshake failed; returned -1, SSL error code 1, net_error -202
[0510/214423.933:ERROR:ssl_client_socket_impl.cc(924)] handshake failed; returned -1, SSL error code 1, net_error -202
[0510/214423.943:ERROR:ssl_client_socket_impl.cc(924)] handshake failed; returned -1, SSL error code 1, net_error -202
[0510/214423.952:ERROR:ssl_client_socket_impl.cc(924)] handshake failed; returned -1, SSL error code 1, net_error -202
[0510/214423.960:ERROR:ssl_client_socket_impl.cc(924)] handshake failed; returned -1, SSL error code 1, net_error -202
[0510/214424.552:ERROR:ssl_client_socket_impl.cc(924)] handshake failed; returned -1, SSL error code 1, net_error -202
[0510/214434.225:ERROR:ssl_client_socket_impl.cc(924)] handshake failed; returned -1, SSL error code 1, net_error -202
[0510/214434.419:ERROR:ssl_client_socket_impl.cc(924)] handshake failed; returned -1, SSL error code 1, net_error -202
[0510/214434.423:ERROR:ssl_client_socket_impl.cc(924)] handshake failed; returned -1, SSL error code 1, net_error -202
[0510/214434.439:ERROR:ssl_client_socket_impl.cc(924)] handshake failed; returned -1, SSL error code 1, net_error -202
[0510/214434.462:ERROR:ssl_client_socket_impl.cc(924)] handshake failed; returned -1, SSL error code 1, net_error -202
[0510/214434.474:ERROR:ssl_client_socket_impl.cc(924)] handshake failed; returned -1, SSL error code 1, net_error -202
[0510/214434.493:ERROR:ssl_client_socket_impl.cc(924)] handshake failed; returned -1, SSL error code 1, net_error -202
[0510/214434.515:ERROR:ssl_client_socket_impl.cc(924)] handshake failed; returned -1, SSL error code 1, net_error -202
[0510/214434.526:ERROR:ssl_client_socket_impl.cc(924)] handshake failed; returned -1, SSL error code 1, net_error -202
[0510/214434.531:ERROR:ssl_client_socket_impl.cc(924)] handshake failed; returned -1, SSL error code 1, net_error -202
[0510/214434.534:ERROR:ssl_client_socket_impl.cc(924)] handshake failed; returned -1, SSL error code 1, net_error -202
[0510/214435.104:ERROR:ssl_client_socket_impl.cc(924)] handshake failed; returned -1, SSL error code 1, net_error -202
[0510/214451.736:ERROR:ssl_client_socket_impl.cc(924)] handshake failed; returned -1, SSL error code 1, net_error -202
[0510/214451.739:ERROR:ssl_client_socket_impl.cc(924)] handshake failed; returned -1, SSL error code 1, net_error -202
[0510/214510.976:ERROR:ssl_client_socket_impl.cc(924)] handshake failed; returned -1, SSL error code 1, net_error -202
[0510/214510.994:ERROR:ssl_client_socket_impl.cc(924)] handshake failed; returned -1, SSL error code 1, net_error -202
[0510/214511.006:ERROR:ssl_client_socket_impl.cc(924)] handshake failed; returned -1, SSL error code 1, net_error -202
[0809/024156.696:ERROR:ssl_client_socket_impl.cc(924)] handshake failed; returned -1, SSL error code 1, net_error -202
[0809/024157.221:ERROR:ssl_client_socket_impl.cc(924)] handshake failed; returned -1, SSL error code 1, net_error -202
[0809/024157.222:ERROR:ssl_client_socket_impl.cc(924)] handshake failed; returned -1, SSL error code 1, net_error -202
[0809/024157.226:ERROR:ssl_client_socket_impl.cc(924)] handshake failed; returned -1, SSL error code 1, net_error -202
[0809/024157.232:ERROR:ssl_client_socket_impl.cc(924)] handshake failed; returned -1, SSL error code 1, net_error -202
[0809/024157.236:ERROR:ssl_client_socket_impl.cc(924)] handshake failed; returned -1, SSL error code 1, net_error -202
[0809/024157.239:ERROR:ssl_client_socket_impl.cc(924)] handshake failed; returned -1, SSL error code 1, net_error -202
[0809/024157.243:ERROR:ssl_client_socket_impl.cc(924)] handshake failed; returned -1, SSL error code 1, net_error -202
[0809/024157.249:ERROR:ssl_client_socket_impl.cc(924)] handshake failed; returned -1, SSL error code 1, net_error -202
[0809/024157.253:ERROR:ssl_client_socket_impl.cc(924)] handshake failed; returned -1, SSL error code 1, net_error -202
[0809/024157.257:ERROR:ssl_client_socket_impl.cc(924)] handshake failed; returned -1, SSL error code 1, net_error -202
[0809/024157.260:ERROR:ssl_client_socket_impl.cc(924)] handshake failed; returned -1, SSL error code 1, net_error -202
[0809/024157.265:ERROR:ssl_client_socket_impl.cc(924)] handshake failed; returned -1, SSL error code 1, net_error -202
[0809/024157.277:ERROR:ssl_client_socket_impl.cc(924)] handshake failed; returned -1, SSL error code 1, net_error -202
[0809/024157.281:ERROR:ssl_client_socket_impl.cc(924)] handshake failed; returned -1, SSL error code 1, net_error -202
[0809/024157.286:ERROR:ssl_client_socket_impl.cc(924)] handshake failed; returned -1, SSL error code 1, net_error -202
[0809/024157.722:ERROR:ssl_client_socket_impl.cc(924)] handshake failed; returned -1, SSL error code 1, net_error -202
[0809/024219.706:ERROR:ssl_client_socket_impl.cc(924)] handshake failed; returned -1, SSL error code 1, net_error -202
[0809/024219.881:ERROR:ssl_client_socket_impl.cc(924)] handshake failed; returned -1, SSL error code 1, net_error -202
[0809/024336.465:ERROR:ssl_client_socket_impl.cc(924)] handshake failed; returned -1, SSL error code 1, net_error -202
[0809/024336.469:ERROR:ssl_client_socket_impl.cc(924)] handshake failed; returned -1, SSL error code 1, net_error -202
[0809/024613.306:WARNING:ipc_message_attachment_set.cc(49)] MessageAttachmentSet destroyed with unconsumed attachments: 0/1
