This is pdfTeX, Version 3.14159265-2.6-1.40.21 (TeX Live 2020/W32TeX) (preloaded format=pdflatex 2021.5.23)  24 MAY 2021 00:49
entering extended mode
 restricted \write18 enabled.
 %&-line parsing enabled.
**mupdf_explored.tex
(./mupdf_explored.tex
LaTeX2e <2020-10-01> patch level 4
L3 programming layer <2021-02-18>
(c:/texlive/2020/texmf-dist/tex/latex/base/book.cls
Document Class: book 2020/04/10 v1.4m Standard LaTeX document class
(c:/texlive/2020/texmf-dist/tex/latex/base/bk10.clo
File: bk10.clo 2020/04/10 v1.4m Standard LaTeX file (size option)
)
\c@part=\count179
\c@chapter=\count180
\c@section=\count181
\c@subsection=\count182
\c@subsubsection=\count183
\c@paragraph=\count184
\c@subparagraph=\count185
\c@figure=\count186
\c@table=\count187
\abovecaptionskip=\skip47
\belowcaptionskip=\skip48
\bibindent=\dimen138
)
(c:/texlive/2020/texmf-dist/tex/latex/base/makeidx.sty
Package: makeidx 2014/09/29 v1.0m Standard LaTeX package
)
\@indexfile=\write3
\openout3 = `mupdf_explored.idx'.


Writing index file mupdf_explored.idx
(c:/texlive/2020/texmf-dist/tex/latex/listings/listings.sty
(c:/texlive/2020/texmf-dist/tex/latex/graphics/keyval.sty
Package: keyval 2014/10/28 v1.15 key=value parser (DPC)
\KV@toks@=\toks15
)
\lst@mode=\count188
\lst@gtempboxa=\box47
\lst@token=\toks16
\lst@length=\count189
\lst@currlwidth=\dimen139
\lst@column=\count190
\lst@pos=\count191
\lst@lostspace=\dimen140
\lst@width=\dimen141
\lst@newlines=\count192
\lst@lineno=\count193
\lst@maxwidth=\dimen142

(c:/texlive/2020/texmf-dist/tex/latex/listings/lstmisc.sty
File: lstmisc.sty 2020/03/24 1.8d (Carsten Heinz)
\c@lstnumber=\count194
\lst@skipnumbers=\count195
\lst@framebox=\box48
)
(c:/texlive/2020/texmf-dist/tex/latex/listings/listings.cfg
File: listings.cfg 2020/03/24 1.8d listings configuration
))
Package: listings 2020/03/24 1.8d (Carsten Heinz)

(c:/texlive/2020/texmf-dist/tex/latex/graphics/color.sty
Package: color 2020/02/24 v1.2b Standard LaTeX Color (DPC)

(c:/texlive/2020/texmf-dist/tex/latex/graphics-cfg/color.cfg
File: color.cfg 2016/01/02 v1.6 sample color configuration
)
Package color Info: Driver file: pdftex.def on input line 147.

(c:/texlive/2020/texmf-dist/tex/latex/graphics-def/pdftex.def
File: pdftex.def 2020/10/05 v1.2a Graphics/color driver for pdftex
))
(c:/texlive/2020/texmf-dist/tex/latex/listings/lstlang1.sty
File: lstlang1.sty 2020/03/24 1.8d listings language file
)
(c:/texlive/2020/texmf-dist/tex/latex/listings/lstmisc.sty
File: lstmisc.sty 2020/03/24 1.8d (Carsten Heinz)
)
(c:/texlive/2020/texmf-dist/tex/latex/parskip/parskip.sty
Package: parskip 2021-03-14 v2.0h non-zero parskip adjustments

(c:/texlive/2020/texmf-dist/tex/latex/kvoptions/kvoptions.sty
Package: kvoptions 2020-10-07 v3.14 Key value format for package options (HO)

(c:/texlive/2020/texmf-dist/tex/generic/ltxcmds/ltxcmds.sty
Package: ltxcmds 2020-05-10 v1.25 LaTeX kernel commands for general use (HO)
)
(c:/texlive/2020/texmf-dist/tex/generic/kvsetkeys/kvsetkeys.sty
Package: kvsetkeys 2019/12/15 v1.18 Key value parser (HO)
))
(c:/texlive/2020/texmf-dist/tex/latex/etoolbox/etoolbox.sty
Package: etoolbox 2020/10/05 v2.5k e-TeX tools for LaTeX (JAW)
\etb@tempcnta=\count196
))
(c:/texlive/2020/texmf-dist/tex/latex/hyperref/hyperref.sty
Package: hyperref 2021-02-27 v7.00k Hypertext links for LaTeX

(c:/texlive/2020/texmf-dist/tex/generic/iftex/iftex.sty
Package: iftex 2020/03/06 v1.0d TeX engine tests
)
(c:/texlive/2020/texmf-dist/tex/generic/pdftexcmds/pdftexcmds.sty
Package: pdftexcmds 2020-06-27 v0.33 Utility functions of pdfTeX for LuaTeX (HO
)

(c:/texlive/2020/texmf-dist/tex/generic/infwarerr/infwarerr.sty
Package: infwarerr 2019/12/03 v1.5 Providing info/warning/error messages (HO)
)
Package pdftexcmds Info: \pdf@primitive is available.
Package pdftexcmds Info: \pdf@ifprimitive is available.
Package pdftexcmds Info: \pdfdraftmode found.
)
(c:/texlive/2020/texmf-dist/tex/generic/kvdefinekeys/kvdefinekeys.sty
Package: kvdefinekeys 2019-12-19 v1.6 Define keys (HO)
)
(c:/texlive/2020/texmf-dist/tex/generic/pdfescape/pdfescape.sty
Package: pdfescape 2019/12/09 v1.15 Implements pdfTeX's escape features (HO)
)
(c:/texlive/2020/texmf-dist/tex/latex/hycolor/hycolor.sty
Package: hycolor 2020-01-27 v1.10 Color options for hyperref/bookmark (HO)
)
(c:/texlive/2020/texmf-dist/tex/latex/letltxmacro/letltxmacro.sty
Package: letltxmacro 2019/12/03 v1.6 Let assignment for LaTeX macros (HO)
)
(c:/texlive/2020/texmf-dist/tex/latex/auxhook/auxhook.sty
Package: auxhook 2019-12-17 v1.6 Hooks for auxiliary files (HO)
)
\@linkdim=\dimen143
\Hy@linkcounter=\count197
\Hy@pagecounter=\count198

(c:/texlive/2020/texmf-dist/tex/latex/hyperref/pd1enc.def
File: pd1enc.def 2021-02-27 v7.00k Hyperref: PDFDocEncoding definition (HO)
Now handling font encoding PD1 ...
... no UTF-8 mapping file for font encoding PD1
)
(c:/texlive/2020/texmf-dist/tex/latex/hyperref/hyperref-langpatches.def
File: hyperref-langpatches.def 2021-02-27 v7.00k Hyperref: patches for babel la
nguages
)
(c:/texlive/2020/texmf-dist/tex/generic/intcalc/intcalc.sty
Package: intcalc 2019/12/15 v1.3 Expandable calculations with integers (HO)
)
(c:/texlive/2020/texmf-dist/tex/generic/etexcmds/etexcmds.sty
Package: etexcmds 2019/12/15 v1.7 Avoid name clashes with e-TeX commands (HO)
)
\Hy@SavedSpaceFactor=\count199

(c:/texlive/2020/texmf-dist/tex/latex/hyperref/puenc.def
File: puenc.def 2021-02-27 v7.00k Hyperref: PDF Unicode definition (HO)
Now handling font encoding PU ...
... no UTF-8 mapping file for font encoding PU
)
Package hyperref Info: Hyper figures OFF on input line 4192.
Package hyperref Info: Link nesting OFF on input line 4197.
Package hyperref Info: Hyper index ON on input line 4200.
Package hyperref Info: Plain pages OFF on input line 4207.
Package hyperref Info: Backreferencing OFF on input line 4212.
Package hyperref Info: Implicit mode ON; LaTeX internals redefined.
Package hyperref Info: Bookmarks ON on input line 4445.
\c@Hy@tempcnt=\count266

(c:/texlive/2020/texmf-dist/tex/latex/url/url.sty
\Urlmuskip=\muskip16
Package: url 2013/09/16  ver 3.4  Verb mode for urls, etc.
)
LaTeX Info: Redefining \url on input line 4804.
\XeTeXLinkMargin=\dimen144

(c:/texlive/2020/texmf-dist/tex/generic/bitset/bitset.sty
Package: bitset 2019/12/09 v1.3 Handle bit-vector datatype (HO)

(c:/texlive/2020/texmf-dist/tex/generic/bigintcalc/bigintcalc.sty
Package: bigintcalc 2019/12/15 v1.5 Expandable calculations on big integers (HO
)
))
\Fld@menulength=\count267
\Field@Width=\dimen145
\Fld@charsize=\dimen146
Package hyperref Info: Hyper figures OFF on input line 6075.
Package hyperref Info: Link nesting OFF on input line 6080.
Package hyperref Info: Hyper index ON on input line 6083.
Package hyperref Info: backreferencing OFF on input line 6090.
Package hyperref Info: Link coloring OFF on input line 6095.
Package hyperref Info: Link coloring with OCG OFF on input line 6100.
Package hyperref Info: PDF/A mode OFF on input line 6105.
LaTeX Info: Redefining \ref on input line 6145.
LaTeX Info: Redefining \pageref on input line 6149.

(c:/texlive/2020/texmf-dist/tex/latex/base/atbegshi-ltx.sty
Package: atbegshi-ltx 2020/08/17 v1.0a Emulation of the original atbegshi packa
ge
with kernel methods
)
\Hy@abspage=\count268
\c@Item=\count269
\c@Hfootnote=\count270
)
Package hyperref Info: Driver (autodetected): hpdftex.

(c:/texlive/2020/texmf-dist/tex/latex/hyperref/hpdftex.def
File: hpdftex.def 2021-02-27 v7.00k Hyperref driver for pdfTeX

(c:/texlive/2020/texmf-dist/tex/latex/base/atveryend-ltx.sty
Package: atveryend-ltx 2020/08/19 v1.0a Emulation of the original atvery packag
e
with kernel methods
)
\Fld@listcount=\count271
\c@bookmark@seq@number=\count272

(c:/texlive/2020/texmf-dist/tex/latex/rerunfilecheck/rerunfilecheck.sty
Package: rerunfilecheck 2019/12/05 v1.9 Rerun checks for auxiliary files (HO)

(c:/texlive/2020/texmf-dist/tex/generic/uniquecounter/uniquecounter.sty
Package: uniquecounter 2019/12/15 v1.4 Provide unlimited unique counter (HO)
)
Package uniquecounter Info: New unique counter `rerunfilecheck' on input line 2
86.
)
\Hy@SectionHShift=\skip49
)
Package hyperref Info: Option `colorlinks' set `true' on input line 35.

(c:/texlive/2020/texmf-dist/tex/latex/l3backend/l3backend-pdftex.def
File: l3backend-pdftex.def 2021-03-18 L3 backend support: PDF output (pdfTeX)
\l__color_backend_stack_int=\count273
\l__pdf_internal_box=\box49
)
(./mupdf_explored.aux)
\openout1 = `mupdf_explored.aux'.

LaTeX Font Info:    Checking defaults for OML/cmm/m/it on input line 39.
LaTeX Font Info:    ... okay on input line 39.
LaTeX Font Info:    Checking defaults for OMS/cmsy/m/n on input line 39.
LaTeX Font Info:    ... okay on input line 39.
LaTeX Font Info:    Checking defaults for OT1/cmr/m/n on input line 39.
LaTeX Font Info:    ... okay on input line 39.
LaTeX Font Info:    Checking defaults for T1/cmr/m/n on input line 39.
LaTeX Font Info:    ... okay on input line 39.
LaTeX Font Info:    Checking defaults for TS1/cmr/m/n on input line 39.
LaTeX Font Info:    ... okay on input line 39.
LaTeX Font Info:    Checking defaults for OMX/cmex/m/n on input line 39.
LaTeX Font Info:    ... okay on input line 39.
LaTeX Font Info:    Checking defaults for U/cmr/m/n on input line 39.
LaTeX Font Info:    ... okay on input line 39.
LaTeX Font Info:    Checking defaults for PD1/pdf/m/n on input line 39.
LaTeX Font Info:    ... okay on input line 39.
LaTeX Font Info:    Checking defaults for PU/pdf/m/n on input line 39.
LaTeX Font Info:    ... okay on input line 39.
\c@lstlisting=\count274

(c:/texlive/2020/texmf-dist/tex/context/base/mkii/supp-pdf.mkii
[Loading MPS to PDF converter (version 2006.09.02).]
\scratchcounter=\count275
\scratchdimen=\dimen147
\scratchbox=\box50
\nofMPsegments=\count276
\nofMParguments=\count277
\everyMPshowfont=\toks17
\MPscratchCnt=\count278
\MPscratchDim=\dimen148
\MPnumerator=\count279
\makeMPintoPDFobject=\count280
\everyMPtoPDFconversion=\toks18
)
Package hyperref Info: Link coloring ON on input line 39.
 (c:/texlive/2020/texmf-dist/tex/latex/hyperref/nameref.sty
Package: nameref 2021-04-02 v2.47 Cross-referencing by name of section

(c:/texlive/2020/texmf-dist/tex/latex/refcount/refcount.sty
Package: refcount 2019/12/15 v3.6 Data extraction from label references (HO)
)
(c:/texlive/2020/texmf-dist/tex/generic/gettitlestring/gettitlestring.sty
Package: gettitlestring 2019/12/15 v1.6 Cleanup title references (HO)
)
\c@section@level=\count281
)
LaTeX Info: Redefining \ref on input line 39.
LaTeX Info: Redefining \pageref on input line 39.
LaTeX Info: Redefining \nameref on input line 39.

(./mupdf_explored.out) (./mupdf_explored.out)
\@outlinefile=\write4
\openout4 = `mupdf_explored.out'.

LaTeX Font Info:    External font `cmex10' loaded for size
(Font)              <12> on input line 45.
LaTeX Font Info:    External font `cmex10' loaded for size
(Font)              <8> on input line 45.
LaTeX Font Info:    External font `cmex10' loaded for size
(Font)              <6> on input line 45.
 [1


{c:/texlive/2020/texmf-var/fonts/map/pdftex/updmap/pdftex.map}]
LaTeX Font Info:    External font `cmex10' loaded for size
(Font)              <7> on input line 52.
LaTeX Font Info:    External font `cmex10' loaded for size
(Font)              <5> on input line 52.
 [1


] [2

] (./mupdf_explored.toc [3

] [4] [5]
[6] [7] [8] [9])
\tf@toc=\write5
\openout5 = `mupdf_explored.toc'.

 [10]
Chapter 1.
pdfTeX warning (ext4): destination with the same identifier (name{page.1}) has 
been already used, duplicate ignored
<to be read again> 
                   \relax 
l.93 Y
      ou are free to use MuPDF within a piece of software written entirely f...
[1


] [2] [3]
Chapter 2.
[4

] [5

]
Chapter 3.
[6

]
Chapter 4.
[7

] [8] [9]
Chapter 5.

Underfull \hbox (badness 1033) in paragraph at lines 278--279
[]\OT1/cmr/m/n/10 The so-lu-tion to these seem-ingly con-flict-ing re-quire-men
ts is the Con-text
 []

[10

] [11] [12] [13] [14] [15] [16] [17] [18]
Chapter 6.

Underfull \hbox (badness 1430) in paragraph at lines 615--616
[]\OT1/cmr/m/n/10 Specific func-tions that never throw ex-cep-tions in-clude al
l those named
 []

[19

]
LaTeX Font Info:    Font shape `OT1/cmtt/bx/n' in size <12> not available
(Font)              Font shape `OT1/cmtt/m/n' tried instead on input line 671.
 [20] [21] [22] [23] [24] [25]
Chapter 7.
[26

]
Underfull \hbox (badness 1259) in paragraph at lines 886--887
[]\OT1/cmr/m/n/10 To this end, all ex-cep-tions thrown due to al-lo-ca-tion fai
l-ures have the
 []


Underfull \hbox (badness 1152) in paragraph at lines 886--887
\OT1/cmtt/m/n/10 FZ[]ERROR[]MEMORY \OT1/cmr/m/n/10 type, en-abling callers to e
as-ily dis-tin-guish them us-ing
 []

[27]
Chapter 8.
[28

] [29] [30] [31] [32] [33] [34] [35] [36]
Underfull \hbox (badness 10000) in paragraph at lines 1313--1314
[]\OT1/cmr/m/n/10 All three of these func-tions (\OT1/cmtt/m/n/10 fz[]run[]page
\OT1/cmr/m/n/10 , \OT1/cmtt/m/n/10 fz[]run[]page[]contents\OT1/cmr/m/n/10 ,
 []


Underfull \hbox (badness 1052) in paragraph at lines 1313--1314
\OT1/cmtt/m/n/10 fz[]run[]annot\OT1/cmr/m/n/10 ) take a \OT1/cmtt/m/n/10 fz[]co
okie \OT1/cmr/m/n/10 pointer. The Cookie is a lightweight
 []

[37] [38] [39]
Chapter 9.
[40

] [41] [42] [43] [44] [45] [46] [47]
Underfull \hbox (badness 10000) in paragraph at lines 1685--1686
[]\OT1/cmr/m/n/10 An (ini-tially empty) \OT1/cmtt/m/n/10 fz[]stext[]sheet \OT1/
cmr/m/n/10 should be cre-ated us-ing
 []


Underfull \hbox (badness 10000) in paragraph at lines 1685--1686
\OT1/cmtt/m/n/10 fz[]new[]stext[]sheet\OT1/cmr/m/n/10 , and an empty \OT1/cmtt/
m/n/10 fz[]stext[]page \OT1/cmr/m/n/10 cre-ated us-ing
 []

[48] [49] [50] [51]
Chapter 10.
[52

] [53] [54]
Underfull \hbox (badness 1259) in paragraph at lines 1899--1900
[]\OT1/cmr/m/n/10 The core ren-der-ing en-gine of MuPDF does not cur-rently mak
e use of
 []

[55]
Underfull \hbox (badness 4279) in paragraph at lines 1924--1925
[]\OT1/cmr/m/n/10 The usual ref-er-ence count-ing be-haviour ap-plies to \OT1/c
mtt/m/n/10 fz[]bitmap\OT1/cmr/m/n/10 s, with
 []


Underfull \hbox (badness 2042) in paragraph at lines 1949--1950
[]\OT1/cmr/m/n/10 The usual ref-er-ence count-ing be-haviour ap-plies to \OT1/c
mtt/m/n/10 fz[]halftone\OT1/cmr/m/n/10 s, with
 []

[56]
Underfull \hbox (badness 4279) in paragraph at lines 1965--1966
[]\OT1/cmr/m/n/10 The usual ref-er-ence count-ing be-haviour ap-plies to \OT1/c
mtt/m/n/10 fz[]buffer\OT1/cmr/m/n/10 s, with
 []

[57] [58] [59] [60] [61] [62] [63] [64] [65] [66]
Chapter 11.
[67

]
Underfull \hbox (badness 2653) in paragraph at lines 2392--2393
[]\OT1/cmr/m/n/10 When you have fin-ished writ-ing to the dis-play list (re-mem
-ber-ing to
 []

[68] [69] [70] [71]
Chapter 12.
[72

] [73] [74] [75] [76] [77] [78] [79] [80] [81]
Chapter 13.
[82

] [83] [84] [85] [86]
Chapter 14.
[87

] [88]
Underfull \hbox (badness 4819) in paragraph at lines 3207--3208
[]\OT1/cmr/m/n/10 For for-mats that can ac-com-mo-date mul-ti-ple pages, a new 
call to
 []

[89] [90] [91] [92] [93] [94] [95] [96] [97] [98] [99]
Chapter 15.
[100

] [101] [102]
Overfull \hbox (15.19604pt too wide) in paragraph at lines 3802--3803
[][][][][][][][][][][][][][][][] 
 []


Overfull \hbox (178.67899pt too wide) in paragraph at lines 3803--3804
[][][][][][][][][][][][][][][][][][][][][][][][][][][]  
 []

[103] [104]
Chapter 16.
[105

]
Underfull \hbox (badness 2253) in paragraph at lines 3875--3876
\OT1/cmr/m/n/10 At its low-est level MuPDF reads file data from a \OT1/cmtt/m/n
/10 fz[]stream\OT1/cmr/m/n/10 , us-ing
 []


Underfull \hbox (badness 3029) in paragraph at lines 3875--3876
\OT1/cmr/m/n/10 the \OT1/cmtt/m/n/10 fz[]open[]document[]with[]stream \OT1/cmr/
m/n/10 call. The al-ter-na-tive en-try point
 []


Underfull \hbox (badness 5832) in paragraph at lines 3885--3886
[]\OT1/cmr/m/n/10 When a MuPDF call is made on a pro-gres-sive stream, such as
 []

[106] [107] [108] [109] [110]
Chapter 17.
[111

] [112]
Chapter 18.
[113

] [114] [115] [116] [117] [118

]
Chapter 19.
[119

]
Underfull \hbox (badness 5847) in paragraph at lines 4249--4250
[]\OT1/cmr/m/n/10 The usual ref-er-ence count-ing be-haviour ap-plies to \OT1/c
mtt/m/n/10 fz[]image\OT1/cmr/m/n/10 s, with
 []

[120] [121] [122] [123] [124] [125] [126]
Overfull \hbox (75.52011pt too wide) in paragraph at lines 4568--4569
[][][][][][][][][][][][][][][][][][][][][][][][][][][][][][][][][][][][][][][][
][][][][][][][][][][][]  
 []

[127] [128] [129]
Chapter 20.
[130

] [131] [132] [133] [134] [135] [136] [137] [138]
Underfull \hbox (badness 10000) in paragraph at lines 5058--5059
\OT1/cmr/m/n/10 Support for PDF (Portable Doc-u-ment For-mat) is pro-vided by
 []


Underfull \hbox (badness 5622) in paragraph at lines 5066--5067
\OT1/cmr/m/n/10 Support for XPS (Open XML Pa-per Spec-i-fi-ca-tion) is pro-vide
d by
 []

[139]
Underfull \hbox (badness 10000) in paragraph at lines 5076--5077
\OT1/cmr/m/n/10 Support for ba-sic HTML + sim-ple CSS is pro-vided by
 []


Underfull \hbox (badness 1960) in paragraph at lines 5076--5077
\OT1/cmtt/m/n/10 htdoc[]document[]handler\OT1/cmr/m/n/10 . Ta-bles are not cur-
rently sup-ported, but is
 []


Underfull \hbox (badness 10000) in paragraph at lines 5080--5081
\OT1/cmr/m/n/10 Support for SVG (Scal-able Vec-tor Graph-ics) is pro-vided by
 []


Underfull \hbox (badness 1087) in paragraph at lines 5080--5081
\OT1/cmtt/m/n/10 svg[]document[]handler\OT1/cmr/m/n/10 . Sup-port is in-com-ple
te, but suf-fi-cient for many
 []


Underfull \hbox (badness 10000) in paragraph at lines 5088--5089
\OT1/cmr/m/n/10 Support for CBZ (Comic Book Archive) for-mat is pro-vided by
 []

[140]
Chapter 21.
[141

] [142] [143] [144] [145] [146] [147] [148]
Chapter 22.
[149

] [150] [151] [152]
Underfull \hbox (badness 2837) in paragraph at lines 5464--5465
\OT1/cmr/m/n/10 Some pages re-de-fine the ba-sic de-fault col-orspaces (for col
or man-age-
 []


Underfull \hbox (badness 5741) in paragraph at lines 5464--5465
\OT1/cmr/m/n/10 ment pur-poses). This is han-dled at the de-vice level us-ing t
he
 []

[153] [154] [155]
Chapter 23.
[156

] [157] [158] [159] [160] [161] [162] [163] [164] [165] [166] [167]
[168]
Chapter 24.
[169

]
Underfull \hbox (badness 5847) in paragraph at lines 6091--6092
[]\OT1/cmr/m/n/10 The usual ref-er-ence count-ing be-haviour ap-plies to \OT1/c
mtt/m/n/10 fz[]image\OT1/cmr/m/n/10 s, with
 []

[170]
Chapter 25.
[171

] [172] [173] [174] [175] [176]
Chapter 26.
[177

] [178] [179] [180] [181]
Chapter 27.
[182

] [183] [184]
Chapter 28.
[185

] [186]
Chapter 29.
[187

] [188] [189]
Chapter 30.
[190

] [191] [192

]
Chapter 31.
[193

] [194] [195] [196]
Underfull \hbox (badness 2158) in paragraph at lines 7090--7091
[]\OT1/cmr/m/n/10 The com-po-nent parts of this pro-ces-sor are gen-er-ally fun
c-tions named
 []

[197]
Underfull \hbox (badness 2158) in paragraph at lines 7137--7138
[]\OT1/cmr/m/n/10 The com-po-nent parts of this pro-ces-sor are gen-er-ally fun
c-tions named
 []


Underfull \hbox (badness 1888) in paragraph at lines 7141--7142
\OT1/cmr/m/n/10 in-put stream of op-er-a-tors. This is fre-quently found cou-pl
ed with a
 []

[198]
Underfull \hbox (badness 2158) in paragraph at lines 7176--7177
[]\OT1/cmr/m/n/10 The com-po-nent parts of this pro-ces-sor are gen-er-ally fun
c-tions named
 []

[199] [200] [201] [202] [203]
Chapter 32.
[204

]
Chapter 33.
[205

] [206]
Chapter 34.
[207

] [208

]
Chapter 35.
LaTeX Font Info:    Trying to load font information for TS1+cmtt on input line 
7471.
(c:/texlive/2020/texmf-dist/tex/latex/base/ts1cmtt.fd
File: ts1cmtt.fd 2019/12/16 v2.5j Standard LaTeX font definitions
) [209

] [210] [211]
[212] [213] [214] [215] [216] [217]
Chapter 36.
[218

]
Chapter 37.
[219

]
Chapter 38.
[220

] [221

]
Chapter 39.
[222

] [223]
Appendix A.
[224

]
No file mupdf_explored.ind.
(./mupdf_explored.aux)
Package rerunfilecheck Info: File `mupdf_explored.out' has not changed.
(rerunfilecheck)             Checksum: C788AE9C94EA097F5868F09A6070CCCF;35599.
 ) 
Here is how much of TeX's memory you used:
 17424 strings out of 479014
 260019 string characters out of 5863080
 641949 words of memory out of 5000000
 29983 multiletter control sequences out of 15000+600000
 411199 words of font info for 54 fonts, out of 8000000 for 9000
 1141 hyphenation exceptions out of 8191
 71i,8n,74p,798b,1874s stack positions out of 5000i,500n,10000p,200000b,80000s
{c:/texlive/2020/texmf-dist/fonts/enc/dvips/cm-super/cm-super-ts1.enc}<c:/tex
live/2020/texmf-dist/fonts/type1/public/amsfonts/cm/cmbx10.pfb><c:/texlive/2020
/texmf-dist/fonts/type1/public/amsfonts/cm/cmbx12.pfb><c:/texlive/2020/texmf-di
st/fonts/type1/public/amsfonts/cm/cmex10.pfb><c:/texlive/2020/texmf-dist/fonts/
type1/public/amsfonts/cm/cmmi10.pfb><c:/texlive/2020/texmf-dist/fonts/type1/pub
lic/amsfonts/cm/cmr10.pfb><c:/texlive/2020/texmf-dist/fonts/type1/public/amsfon
ts/cm/cmr12.pfb><c:/texlive/2020/texmf-dist/fonts/type1/public/amsfonts/cm/cmr1
7.pfb><c:/texlive/2020/texmf-dist/fonts/type1/public/amsfonts/cm/cmr6.pfb><c:/t
exlive/2020/texmf-dist/fonts/type1/public/amsfonts/cm/cmr7.pfb><c:/texlive/2020
/texmf-dist/fonts/type1/public/amsfonts/cm/cmr8.pfb><c:/texlive/2020/texmf-dist
/fonts/type1/public/amsfonts/cm/cmsl10.pfb><c:/texlive/2020/texmf-dist/fonts/ty
pe1/public/amsfonts/cm/cmsy7.pfb><c:/texlive/2020/texmf-dist/fonts/type1/public
/amsfonts/cm/cmti10.pfb><c:/texlive/2020/texmf-dist/fonts/type1/public/amsfonts
/cm/cmtt10.pfb><c:/texlive/2020/texmf-dist/fonts/type1/public/amsfonts/cm/cmtt1
2.pfb><c:/texlive/2020/texmf-dist/fonts/type1/public/amsfonts/cm/cmtt8.pfb><c:/
texlive/2020/texmf-dist/fonts/type1/public/amsfonts/cm/cmtt9.pfb><c:/texlive/20
20/texmf-dist/fonts/type1/public/cm-super/sfrm1000.pfb><c:/texlive/2020/texmf-d
ist/fonts/type1/public/cm-super/sftt0900.pfb>
Output written on mupdf_explored.pdf (235 pages, 776211 bytes).
PDF statistics:
 7983 PDF objects out of 8907 (max. 8388607)
 7650 compressed objects within 77 object streams
 4821 named destinations out of 5155 (max. 500000)
 2233 words of extra memory for PDF output out of 10000 (max. 10000000)

